build/app/outputs/mapping/release/seeds.txt
com.ta.hosepchoice.MainActivity: MainActivity()
com.ta.hosepchoice.MainActivity
...
com.google.android.gms.ads.formats.UnifiedNativeAdView: void setStarRatingView(android.view.View)
io.flutter.embedding.android.FlutterSurfaceView: io.flutter.embedding.engine.renderer.FlutterRenderer getAttachedRenderer()
io.flutter.embedding.engine.mutatorsstack.FlutterMutatorsStack: void pushTransform(float[])
com.google.android.gms.internal.ads.zzug$zzv: com.google.android.gms.internal.ads.zzug$zzaa zzcfv
com.google.android.gms.ads.nonagon.transaction.omid.OmidMediaType: com.google.android.gms.ads.nonagon.transaction.omid.OmidMediaType valueOf(java.lang.String)
com.google.android.gms.internal.ads.zzaqa
com.google.ads.mediation.customevent.CustomEventInterstitial: void requestInterstitialAd(com.google.ads.mediation.customevent.CustomEventInterstitialListener,android.app.Activity,java.lang.String,java.lang.String,com.google.ads.mediation.MediationAdRequest,java.lang.Object)
com.google.android.gms.internal.ads.zzepa$zzb$zze: com.google.android.gms.internal.ads.zzejr zzizi
com.google.android.gms.internal.ads.zzbw$zza: java.lang.String zzef
com.google.android.gms.internal.ads.zzbav: void setVideoPath(java.lang.String)
com.google.android.gms.internal.ads.zzug$zzt: int zzcfj
com.google.android.gms.internal.ads.zzpy: android.os.Parcelable$Creator CREATOR
io.flutter.embedding.android.FlutterSplashView$SavedState: java.lang.String access$600(io.flutter.embedding.android.FlutterSplashView$SavedState)
kotlinx.coroutines.android.AndroidExceptionPreHandler: java.lang.Object _preHandler
com.google.android.gms.internal.ads.zzug$zzd: com.google.android.gms.internal.ads.zzemx zzek
com.google.android.gms.internal.ads.zzego$zza: int zzihj
com.google.android.gms.internal.ads.zzdua: java.lang.String zzhtq
com.google.android.gms.internal.ads.zzeec: com.google.android.gms.internal.ads.zzeec zziej
com.google.android.gms.internal.ads.zzepa$zzb: java.lang.String zziyf
io.flutter.embedding.android.FlutterSplashView$SavedState: FlutterSplashView$SavedState(android.os.Parcelable)
io.flutter.embedding.engine.FlutterJNI: void dispatchEmptyPlatformMessage(java.lang.String,int)
com.google.android.gms.internal.ads.zzbeq: void setWebChromeClient(android.webkit.WebChromeClient)
com.google.android.gms.internal.ads.zzug$zzv: int zzcgc
com.google.android.exoplayer2.video.VideoDecoderOutputBuffer: java.nio.ByteBuffer[] yuvPlanes
com.google.android.gms.internal.ads.zzug$zzp: int zzceu
com.google.android.gms.internal.ads.zzepa$zzb
com.google.android.exoplayer2.source.hls.HlsTrackMetadataEntry: android.os.Parcelable$Creator CREATOR
com.google.android.gms.ads.formats.UnifiedNativeAdView: android.view.View getCallToActionView()
com.google.android.gms.internal.ads.zzug$zzr: com.google.android.gms.internal.ads.zzemx zzek
com.google.android.gms.ads.doubleclick.PublisherAdView: java.lang.String getMediationAdapterClassName()
com.google.android.gms.ads.mediation.customevent.CustomEventBanner: void requestBannerAd(android.content.Context,com.google.android.gms.ads.mediation.customevent.CustomEventBannerListener,java.lang.String,com.google.android.gms.ads.AdSize,com.google.android.gms.ads.mediation.MediationAdRequest,android.os.Bundle)
com.google.android.gms.internal.ads.zzvx: android.os.Parcelable$Creator CREATOR
com.google.android.gms.ads.BaseAdView: com.google.android.gms.ads.AdSize getAdSize()
kotlinx.coroutines.JobSupport: java.lang.Object _state
io.flutter.embedding.engine.FlutterJNI: void unregisterTexture(long)
com.google.android.gms.internal.ads.zzug$zzn: int zzcdm
com.google.android.gms.ads.formats.MediaView: void setMediaContent(com.google.android.gms.ads.MediaContent)
com.google.android.gms.internal.ads.zzefn
com.google.android.gms.internal.ads.zzeer
com.google.android.gms.internal.ads.zzeez: com.google.android.gms.internal.ads.zzemx zzek
com.google.android.gms.internal.ads.zzeew: com.google.android.gms.internal.ads.zzeew zziey
com.google.ads.mediation.MediationBannerAdapter