build/app/outputs/mapping/release/mapping.txt
# compiler: R8
# compiler_version: 2.1.62
# min_api: 19
# pg_map_id: 9b6b382
# common_typos_disable
...
com.google.android.gms.internal.ads.zzzl -> com.google.android.gms.internal.ads.qy2:
    com.google.android.gms.internal.ads.zzzm zzckj -> c
    void onAdFailedToLoad(int) -> F
    void onAdFailedToLoad(com.google.android.gms.ads.LoadAdError) -> G
    void onAdLoaded() -> N
com.google.android.gms.internal.ads.zzzm -> com.google.android.gms.internal.ads.ry2:
    int zzckq -> n
    boolean zzbni -> o
    com.google.android.gms.ads.doubleclick.AppEventListener zzckn -> h
    com.google.android.gms.internal.ads.zzwu zzckm -> c
    com.google.android.gms.ads.VideoOptions zzbnw -> k
    com.google.android.gms.ads.doubleclick.OnCustomRenderedAdLoadedListener zzcko -> j
    java.lang.String zzbut -> l
    com.google.android.gms.internal.ads.zzanf zzbvb -> a
    com.google.android.gms.ads.OnPaidEventListener zzckr -> p
    com.google.android.gms.ads.AdSize[] zzcis -> f
    com.google.android.gms.ads.admanager.AppEventListener zzbsf -> g
    com.google.android.gms.ads.AdListener zzchm -> e
    com.google.android.gms.ads.VideoController zzckl -> b
    com.google.android.gms.internal.ads.zzxl zzbuz -> i
    com.google.android.gms.internal.ads.zzvc zzchd -> d
    android.view.ViewGroup zzckp -> m
    com.google.android.gms.internal.ads.zzzc zzdw() -> A
    com.google.android.gms.ads.doubleclick.AppEventListener zzrr() -> B
    void destroy() -> a
    com.google.android.gms.ads.AdListener getAdListener() -> b
    com.google.android.gms.ads.AdSize getAdSize() -> c
    com.google.android.gms.ads.AdSize[] getAdSizes() -> d
    java.lang.String getAdUnitId() -> e
    java.lang.String getMediationAdapterClassName() -> f
    com.google.android.gms.ads.doubleclick.OnCustomRenderedAdLoadedListener getOnCustomRenderedAdLoadedListener() -> g
com.google.android.gms.internal.ads.zzzn -> com.google.android.gms.internal.ads.sy2:
    com.google.android.gms.internal.ads.zzzn zzckt -> i
    com.google.android.gms.internal.ads.zzyg zzcku -> c
    java.lang.Object lock -> b
    boolean zzzl -> e
    com.google.android.gms.ads.reward.RewardedVideoAd zzckw -> f
    com.google.android.gms.ads.initialization.InitializationStatus zzcky -> h
    com.google.android.gms.ads.RequestConfiguration zzckx -> g
    java.util.ArrayList zzcks -> a
    boolean zzckv -> d
    com.google.android.gms.ads.initialization.InitializationStatus getInitializationStatus() -> a
    com.google.android.gms.ads.RequestConfiguration getRequestConfiguration() -> b
    com.google.android.gms.ads.reward.RewardedVideoAd getRewardedVideoAdInstance(android.content.Context) -> c
    java.lang.String getVersionString() -> d
    void setRequestConfiguration(com.google.android.gms.ads.RequestConfiguration) -> e
    com.google.android.gms.ads.initialization.InitializationStatus zza(com.google.android.gms.internal.ads.zzzn,java.util.List) -> f
    java.util.ArrayList zza(com.google.android.gms.internal.ads.zzzn) -> g
    void zza(android.content.Context,java.lang.String,com.google.android.gms.ads.initialization.OnInitializationCompleteListener) -> h
    void zza(com.google.android.gms.ads.RequestConfiguration) -> i
    void zza(com.google.android.gms.ads.initialization.OnInitializationCompleteListener) -> j
com.google.android.gms.internal.ads.zzzn$zza -> com.google.android.gms.internal.ads.sy2$a:
    com.google.android.gms.internal.ads.zzzn zzclf -> f
    void zze(java.util.List) -> B6