build/app/outputs/mapping/release/usage.txt
com.ta.hosepchoice.R$style
com.ta.hosepchoice.R$id
com.ta.hosepchoice.R$mipmap
com.ta.hosepchoice.R$xml
com.ta.hosepchoice.R
com.ta.hosepchoice.BuildConfig
com.ta.hosepchoice.R$color
com.ta.hosepchoice.R$dimen
com.ta.hosepchoice.R$drawable
com.ta.hosepchoice.R$styleable
com.ta.hosepchoice.R$layout
com.ta.hosepchoice.R$bool
com.ta.hosepchoice.R$string
com.ta.hosepchoice.R$integer
com.ta.hosepchoice.R$attr
...
com.google.android.gms.internal.ads.zzlh:
    private final com.google.android.gms.internal.ads.zzls zzaxl
    private final com.google.android.gms.internal.ads.zzpr zzaxq
    private static final com.google.android.gms.internal.ads.zzkb zzapk
com.google.android.exoplayer2.text.cea.Cea708Decoder:
    private final boolean isWideAspectRatio
com.google.android.gms.internal.ads.zzbpb:
    private final com.google.android.gms.internal.ads.zzbpa zzfxl
com.google.android.gms.internal.ads.zzekl$zzb:
    private final int offset
com.google.android.gms.internal.ads.zzke:
    private static final com.google.android.gms.internal.ads.zzml zzaoy
com.google.android.gms.internal.ads.zzpt:
    private static final java.util.regex.Pattern zzbko
    private static final java.util.regex.Pattern zzbkp
    private static final java.util.regex.Pattern zzbkq
    private static final int[] zzbkr
com.google.android.exoplayer2.SimpleExoPlayer:
    private com.google.android.exoplayer2.video.VideoDecoderOutputBufferRenderer videoDecoderOutputBufferRenderer
androidx.room.MultiInstanceInvalidationClient:
    private final java.lang.Runnable mTearDownRunnable
com.google.android.gms.internal.ads_identifier.zzc:
    private static final java.lang.ClassLoader zzd
com.google.android.gms.internal.ads.zzdua$zza:
    private static final com.google.android.gms.internal.ads.zzelf zzes
com.google.android.gms.ads.mediation.customevent.CustomEventAdapter$zzb:
    private final com.google.android.gms.ads.mediation.customevent.CustomEventAdapter zzevo
    private final com.google.android.gms.ads.mediation.MediationNativeListener zzevu
androidx.lifecycle.LiveData:
    public java.lang.Object getValue()
    public boolean hasActiveObservers()
com.google.android.gms.internal.ads.zzefu
com.google.android.exoplayer2.source.hls.playlist.HlsMasterPlaylist$Rendition:
    public final java.lang.String groupId
com.google.android.gms.internal.ads.zzbku:
    private final com.google.android.gms.internal.ads.zzbks zzftm
com.google.android.gms.ads.query.AdInfo:
    public java.lang.String getAdString()
com.google.android.gms.internal.ads.zzqx:
    private final long timestamp
    private final boolean zzbru
    private final float zzbsd
com.google.android.gms.internal.ads.zzegx:
    private static final com.google.android.gms.internal.ads.zzelf zzes
com.google.firebase.database.core.Repo$16:
    final synthetic com.google.firebase.database.core.Repo this$0
io.flutter.plugin.platform.VirtualDisplayController$1:
    final synthetic io.flutter.plugin.platform.VirtualDisplayController this$0
com.google.firebase.database.core.Repo:
    private com.google.firebase.database.FirebaseDatabase database
com.google.android.gms.internal.ads.zzjb:
    private final int errorCode
com.google.android.gms.internal.ads.zzbri:
    private final com.google.android.gms.internal.ads.zzbrj zzfzd
com.google.android.gms.ads.internal.util.zza:
    private boolean zzedl
androidx.work.impl.model.PreferenceDao_Impl$1:
    final synthetic androidx.work.impl.model.PreferenceDao_Impl this$0
com.google.android.gms.internal.ads.zzbgi:
    private final com.google.android.gms.internal.ads.zzbgb zzewc
com.google.android.gms.internal.ads.zznm:
    private boolean zzbgl
    private com.google.android.gms.internal.ads.zzht zzbgm
com.google.android.gms.internal.ads.zzcm:
    private static final com.google.android.gms.internal.ads.zzelf zzes
com.google.firebase.storage.StorageReference:
    static final synthetic boolean $assertionsDisabled
com.google.android.gms.internal.ads.zzbqd:
    private final com.google.android.gms.internal.ads.zzbps zzfxv
com.google.android.gms.internal.ads.zzdwj